<?xml version="1.0" encoding="utf-8"?><testsuites name="pytest tests"><testsuite name="pytest" errors="0" failures="0" skipped="0" tests="9" time="17.429" timestamp="2026-03-20T14:59:38.207995+00:00" hostname="agent-env-8c27531c-db34-42a9-99ee-59bdf366176b"><testcase classname="backend.tests.test_loop_prevention.TestProviderStatus" name="test_provider_status_returns_200" time="0.003" /><testcase classname="backend.tests.test_loop_prevention.TestProviderStatus" name="test_provider_status_structure" time="0.002" /><testcase classname="backend.tests.test_loop_prevention.TestProviderStatus" name="test_provider_status_idempotent" time="0.003" /><testcase classname="backend.tests.test_loop_prevention.TestGenerateEndpoint" name="test_generate_requires_prompt" time="0.001" /><testcase classname="backend.tests.test_loop_prevention.TestGenerateEndpoint" name="test_generate_basic_request" time="6.451" /><testcase classname="backend.tests.test_loop_prevention.TestGenerateEndpoint" name="test_generate_with_continuation" time="10.940" /><testcase classname="backend.tests.test_loop_prevention.TestProjectEndpoint" name="test_project_returns_data_with_session" time="0.006" /><testcase classname="backend.tests.test_loop_prevention.TestProjectEndpoint" name="test_project_returns_401_without_session" time="0.001" /><testcase classname="backend.tests.test_loop_prevention.TestConcurrencyPrevention" name="test_rapid_provider_status_calls" time="0.006" /></testsuite></testsuites>