<?xml version="1.0" encoding="utf-8"?><testsuites name="pytest tests"><testsuite name="pytest" errors="0" failures="0" skipped="0" tests="12" time="1.531" timestamp="2026-03-19T13:04:33.831002+00:00" hostname="agent-env-3d2013cc-6230-4746-9841-d7e026a30a67"><testcase classname="tests.test_api.TestStatusAPI" name="test_api_root_returns_version" time="0.148" /><testcase classname="tests.test_api.TestStatusAPI" name="test_status_check_endpoint" time="0.178" /><testcase classname="tests.test_api.TestStatusAPI" name="test_get_status_checks" time="0.120" /><testcase classname="tests.test_api.TestProjectsAPI" name="test_list_projects_requires_auth" time="0.139" /><testcase classname="tests.test_api.TestProjectsAPI" name="test_create_project_requires_auth" time="0.105" /><testcase classname="tests.test_api.TestProjectsAPI" name="test_get_project_requires_auth" time="0.144" /><testcase classname="tests.test_api.TestGitHubAPI" name="test_github_connect_requires_auth" time="0.102" /><testcase classname="tests.test_api.TestGitHubAPI" name="test_github_status_requires_auth" time="0.119" /><testcase classname="tests.test_api.TestAuthEndpoints" name="test_auth_me_requires_session" time="0.107" /><testcase classname="tests.test_api.TestAuthEndpoints" name="test_logout_works_without_session" time="0.120" /><testcase classname="tests.test_api.TestAPIResponseFormats" name="test_404_for_unknown_endpoint" time="0.111" /><testcase classname="tests.test_api.TestAPIResponseFormats" name="test_api_returns_json" time="0.112" /></testsuite></testsuites>