<?xml version="1.0" encoding="utf-8"?><testsuites name="pytest tests"><testsuite name="pytest" errors="0" failures="1" skipped="0" tests="11" time="705.194" timestamp="2026-03-20T14:15:33.855375+00:00" hostname="agent-env-8c27531c-db34-42a9-99ee-59bdf366176b"><testcase classname="backend.tests.test_forjenta_generation.TestProviderStatus" name="test_provider_status_returns_available" time="0.004" /><testcase classname="backend.tests.test_forjenta_generation.TestProviderStatus" name="test_provider_status_has_checks_object" time="0.002" /><testcase classname="backend.tests.test_forjenta_generation.TestGenerateEndpoint" name="test_generate_with_root_prompt_only" time="6.146" /><testcase classname="backend.tests.test_forjenta_generation.TestGenerateEndpoint" name="test_generate_with_continuation" time="3.288" /><testcase classname="backend.tests.test_forjenta_generation.TestGenerateEndpoint" name="test_generate_returns_structured_response" time="180.100"><failure message="requests.exceptions.ReadTimeout: HTTPConnectionPool(host='localhost', port=8001): Read timed out. (read timeout=180)">/root/.venv/lib/python3.11/site-packages/urllib3/connectionpool.py:534: in _make_request
    response = conn.getresponse()
               ^^^^^^^^^^^^^^^^^^
/root/.venv/lib/python3.11/site-packages/urllib3/connection.py:571: in getresponse
    httplib_response = super().getresponse()
                       ^^^^^^^^^^^^^^^^^^^^^
/usr/local/lib/python3.11/http/client.py:1395: in getresponse
    response.begin()
/usr/local/lib/python3.11/http/client.py:325: in begin
    version, status, reason = self._read_status()
                              ^^^^^^^^^^^^^^^^^^^
/usr/local/lib/python3.11/http/client.py:286: in _read_status
    line = str(self.fp.readline(_MAXLINE + 1), "iso-8859-1")
               ^^^^^^^^^^^^^^^^^^^^^^^^^^^^^^
/usr/local/lib/python3.11/socket.py:718: in readinto
    return self._sock.recv_into(b)
           ^^^^^^^^^^^^^^^^^^^^^^^
E   TimeoutError: timed out

The above exception was the direct cause of the following exception:
/root/.venv/lib/python3.11/site-packages/requests/adapters.py:644: in send
    resp = conn.urlopen(
/root/.venv/lib/python3.11/site-packages/urllib3/connectionpool.py:841: in urlopen
    retries = retries.increment(
/root/.venv/lib/python3.11/site-packages/urllib3/util/retry.py:490: in increment
    raise reraise(type(error), error, _stacktrace)
          ^^^^^^^^^^^^^^^^^^^^^^^^^^^^^^^^^^^^^^^^
/root/.venv/lib/python3.11/site-packages/urllib3/util/util.py:39: in reraise
    raise value
/root/.venv/lib/python3.11/site-packages/urllib3/connectionpool.py:787: in urlopen
    response = self._make_request(
/root/.venv/lib/python3.11/site-packages/urllib3/connectionpool.py:536: in _make_request
    self._raise_timeout(err=e, url=url, timeout_value=read_timeout)
/root/.venv/lib/python3.11/site-packages/urllib3/connectionpool.py:367: in _raise_timeout
    raise ReadTimeoutError(
E   urllib3.exceptions.ReadTimeoutError: HTTPConnectionPool(host='localhost', port=8001): Read timed out. (read timeout=180)

During handling of the above exception, another exception occurred:
backend/tests/test_forjenta_generation.py:114: in test_generate_returns_structured_response
    response = requests.post(
/root/.venv/lib/python3.11/site-packages/requests/api.py:115: in post
    return request("post", url, data=data, json=json, **kwargs)
           ^^^^^^^^^^^^^^^^^^^^^^^^^^^^^^^^^^^^^^^^^^^^^^^^^^^^
/root/.venv/lib/python3.11/site-packages/requests/api.py:59: in request
    return session.request(method=method, url=url, **kwargs)
           ^^^^^^^^^^^^^^^^^^^^^^^^^^^^^^^^^^^^^^^^^^^^^^^^^
/root/.venv/lib/python3.11/site-packages/requests/sessions.py:589: in request
    resp = self.send(prep, **send_kwargs)
           ^^^^^^^^^^^^^^^^^^^^^^^^^^^^^^
/root/.venv/lib/python3.11/site-packages/requests/sessions.py:703: in send
    r = adapter.send(request, **kwargs)
        ^^^^^^^^^^^^^^^^^^^^^^^^^^^^^^^
/root/.venv/lib/python3.11/site-packages/requests/adapters.py:690: in send
    raise ReadTimeout(e, request=request)
E   requests.exceptions.ReadTimeout: HTTPConnectionPool(host='localhost', port=8001): Read timed out. (read timeout=180)</failure></testcase><testcase classname="backend.tests.test_forjenta_generation.TestGenerateEndpoint" name="test_generate_no_auth_required" time="90.373" /><testcase classname="backend.tests.test_forjenta_generation.TestGenerateCodeLegacy" name="test_legacy_endpoint_works" time="99.945" /><testcase classname="backend.tests.test_forjenta_generation.TestGenerateCodeLegacy" name="test_legacy_continuation_mode" time="4.304" /><testcase classname="backend.tests.test_forjenta_generation.TestErrorHandling" name="test_generate_returns_logs_on_success" time="157.331" /><testcase classname="backend.tests.test_forjenta_generation.TestErrorHandling" name="test_generate_returns_summary" time="163.545" /><testcase classname="backend.tests.test_forjenta_generation.TestStartupValidation" name="test_provider_config_validated" time="0.002" /></testsuite></testsuites>