<?xml version="1.0" encoding="utf-8"?><testsuites name="pytest tests"><testsuite name="pytest" errors="0" failures="0" skipped="0" tests="17" time="47.683" timestamp="2026-03-20T15:41:07.052068+00:00" hostname="agent-env-cf188e7f-c3fe-4a7e-8a3d-2ae47a5ee04c"><testcase classname="tests.test_prompt_persist_e2e.TestProviderStatus" name="test_provider_status_no_auth_required" time="0.168" /><testcase classname="tests.test_prompt_persist_e2e.TestProviderStatus" name="test_provider_status_structure" time="0.148" /><testcase classname="tests.test_prompt_persist_e2e.TestProjectCRUDWithAuth" name="test_create_project" time="0.280" /><testcase classname="tests.test_prompt_persist_e2e.TestProjectCRUDWithAuth" name="test_get_project_returns_structure" time="0.157" /><testcase classname="tests.test_prompt_persist_e2e.TestProjectCRUDWithAuth" name="test_list_projects" time="0.110" /><testcase classname="tests.test_prompt_persist_e2e.TestProjectCRUDWithoutAuth" name="test_create_project_requires_auth" time="0.098" /><testcase classname="tests.test_prompt_persist_e2e.TestProjectCRUDWithoutAuth" name="test_get_project_requires_auth" time="0.111" /><testcase classname="tests.test_prompt_persist_e2e.TestProjectCRUDWithoutAuth" name="test_list_projects_requires_auth" time="0.113" /><testcase classname="tests.test_prompt_persist_e2e.TestGenerateEndpoint" name="test_generate_no_auth_required" time="13.464" /><testcase classname="tests.test_prompt_persist_e2e.TestGenerateEndpoint" name="test_generate_returns_proper_structure" time="8.010" /><testcase classname="tests.test_prompt_persist_e2e.TestGenerateEndpoint" name="test_generate_continuation_mode" time="24.123" /><testcase classname="tests.test_prompt_persist_e2e.TestAuthEndpoints" name="test_auth_me_returns_user_with_session" time="0.264" /><testcase classname="tests.test_prompt_persist_e2e.TestAuthEndpoints" name="test_auth_me_returns_401_without_session" time="0.112" /><testcase classname="tests.test_prompt_persist_e2e.TestProjectFilesEndpoint" name="test_get_project_files" time="0.107" /><testcase classname="tests.test_prompt_persist_e2e.TestProjectFilesEndpoint" name="test_save_project_files" time="0.108" /><testcase classname="tests.test_prompt_persist_e2e.TestProjectContextEndpoint" name="test_get_project_context" time="0.106" /><testcase classname="tests.test_prompt_persist_e2e.TestPromptHistoryEndpoint" name="test_get_prompt_history" time="0.168" /></testsuite></testsuites>